<?xml version="1.0" encoding="UTF-8"?>
<!-- Generated by org.testng.reporters.JUnitXMLReporter -->
<testsuite ignored="2" hostname="DESKTOP-FNSRUET" failures="0" tests="2" name="Test" time="57.741" errors="0" timestamp="2024-11-16T14:46:15 IST">
  <testcase classname="products.RemovingProductFromCartTestNG" name="TC02" time="0.379"/>
  <testcase classname="products.AddingProductToTheCartTestNG" name="tc_001_AddSingleProductToCartTest" time="15.992"/>
  <testcase classname="genericutilities.BaseClass" name="@BeforeSuite bsConfig" time="0.0">
    <ignored/>
  </testcase> <!-- @BeforeSuite bsConfig -->
  <testcase classname="genericutilities.BaseClass" name="@AfterSuite asConfig" time="0.0">
    <ignored/>
  </testcase> <!-- @AfterSuite asConfig -->
</testsuite> <!-- Test -->
