<?xml version="1.0" encoding="UTF-8"?>
<testng-results ignored="2" total="4" passed="2" failed="0" skipped="0">
  <reporter-output>
  </reporter-output>
  <suite started-at="2024-11-16T14:45:17 IST" name="Suite" finished-at="2024-11-16T14:46:15 IST" duration-ms="57741">
    <groups>
      <group name="Regression">
        <method signature="AddingProductToTheCartTestNG.tc_001_AddSingleProductToCartTest()[pri:0, instance:products.AddingProductToTheCartTestNG@2d52216b]" name="tc_001_AddSingleProductToCartTest" class="products.AddingProductToTheCartTestNG"/>
        <method signature="RemovingProductFromCartTestNG.TC02()[pri:0, instance:products.RemovingProductFromCartTestNG@54e1c68b]" name="TC02" class="products.RemovingProductFromCartTestNG"/>
      </group> <!-- Regression -->
      <group name="Smoke">
        <method signature="AddingProductToTheCartTestNG.tc_001_AddSingleProductToCartTest()[pri:0, instance:products.AddingProductToTheCartTestNG@2d52216b]" name="tc_001_AddSingleProductToCartTest" class="products.AddingProductToTheCartTestNG"/>
      </group> <!-- Smoke -->
    </groups>
    <test started-at="2024-11-16T14:45:17 IST" name="Test" finished-at="2024-11-16T14:46:15 IST" duration-ms="57741">
      <class name="products.RemovingProductFromCartTestNG">
        <test-method is-config="true" signature="bsConfig()[pri:0, instance:products.RemovingProductFromCartTestNG@54e1c68b]" started-at="2024-11-16T14:45:17 IST" name="bsConfig" finished-at="2024-11-16T14:45:17 IST" duration-ms="18" status="PASS">
          <reporter-output>
          </reporter-output>
        </test-method> <!-- bsConfig -->
        <test-method is-config="true" signature="bcConfig()[pri:0, instance:products.RemovingProductFromCartTestNG@54e1c68b]" started-at="2024-11-16T14:45:17 IST" name="bcConfig" finished-at="2024-11-16T14:45:39 IST" duration-ms="22028" status="PASS">
          <reporter-output>
          </reporter-output>
        </test-method> <!-- bcConfig -->
        <test-method is-config="true" signature="bmConfig()[pri:0, instance:products.RemovingProductFromCartTestNG@54e1c68b]" started-at="2024-11-16T14:45:40 IST" name="bmConfig" finished-at="2024-11-16T14:45:40 IST" duration-ms="528" status="PASS">
          <reporter-output>
          </reporter-output>
        </test-method> <!-- bmConfig -->
        <test-method signature="TC02()[pri:0, instance:products.RemovingProductFromCartTestNG@54e1c68b]" started-at="2024-11-16T14:45:40 IST" name="TC02" finished-at="2024-11-16T14:45:41 IST" duration-ms="379" status="PASS">
          <reporter-output>
          </reporter-output>
        </test-method> <!-- TC02 -->
        <test-method is-config="true" signature="amConfig()[pri:0, instance:products.RemovingProductFromCartTestNG@54e1c68b]" started-at="2024-11-16T14:45:41 IST" name="amConfig" finished-at="2024-11-16T14:45:41 IST" duration-ms="206" status="PASS">
          <reporter-output>
          </reporter-output>
        </test-method> <!-- amConfig -->
        <test-method is-config="true" signature="acConfig()[pri:0, instance:products.RemovingProductFromCartTestNG@54e1c68b]" started-at="2024-11-16T14:45:41 IST" name="acConfig" finished-at="2024-11-16T14:45:44 IST" duration-ms="3175" status="PASS">
          <reporter-output>
          </reporter-output>
        </test-method> <!-- acConfig -->
        <test-method is-config="true" signature="asConfig()[pri:0, instance:products.RemovingProductFromCartTestNG@54e1c68b]" started-at="2024-11-16T14:46:15 IST" name="asConfig" finished-at="2024-11-16T14:46:15 IST" duration-ms="1" status="PASS">
          <reporter-output>
          </reporter-output>
        </test-method> <!-- asConfig -->
      </class> <!-- products.RemovingProductFromCartTestNG -->
      <class name="products.AddingProductToTheCartTestNG">
        <test-method is-config="true" signature="bcConfig()[pri:0, instance:products.AddingProductToTheCartTestNG@2d52216b]" started-at="2024-11-16T14:45:44 IST" name="bcConfig" finished-at="2024-11-16T14:45:58 IST" duration-ms="13734" status="PASS">
          <reporter-output>
          </reporter-output>
        </test-method> <!-- bcConfig -->
        <test-method is-config="true" signature="bmConfig()[pri:0, instance:products.AddingProductToTheCartTestNG@2d52216b]" started-at="2024-11-16T14:45:58 IST" name="bmConfig" finished-at="2024-11-16T14:45:58 IST" duration-ms="479" status="PASS">
          <reporter-output>
          </reporter-output>
        </test-method> <!-- bmConfig -->
        <test-method signature="tc_001_AddSingleProductToCartTest()[pri:0, instance:products.AddingProductToTheCartTestNG@2d52216b]" started-at="2024-11-16T14:45:58 IST" name="tc_001_AddSingleProductToCartTest" finished-at="2024-11-16T14:46:14 IST" duration-ms="15992" status="PASS">
          <reporter-output>
          </reporter-output>
        </test-method> <!-- tc_001_AddSingleProductToCartTest -->
        <test-method is-config="true" signature="amConfig()[pri:0, instance:products.AddingProductToTheCartTestNG@2d52216b]" started-at="2024-11-16T14:46:14 IST" name="amConfig" finished-at="2024-11-16T14:46:15 IST" duration-ms="387" status="PASS">
          <reporter-output>
          </reporter-output>
        </test-method> <!-- amConfig -->
        <test-method is-config="true" signature="acConfig()[pri:0, instance:products.AddingProductToTheCartTestNG@2d52216b]" started-at="2024-11-16T14:46:15 IST" name="acConfig" finished-at="2024-11-16T14:46:15 IST" duration-ms="452" status="PASS">
          <reporter-output>
          </reporter-output>
        </test-method> <!-- acConfig -->
      </class> <!-- products.AddingProductToTheCartTestNG -->
    </test> <!-- Test -->
  </suite> <!-- Suite -->
</testng-results>
